[21-Feb-2018 23:04:51 UTC] PHP Parse error:  syntax error, unexpected '}', expecting ',' or ';' in /home/ubuntu/workspace/lmontanari/Labs/Lab4/index.php on line 29
[27-Feb-2018 01:56:45 UTC] PHP Parse error:  syntax error, unexpected '}' in /home/ubuntu/workspace/lmontanari/Labs/Lab4/index.php on line 101
[27-Feb-2018 02:05:04 UTC] PHP Fatal error:  Maximum execution time of 300 seconds exceeded in /home/ubuntu/workspace/lmontanari/Labs/Lab4/index.php on line 77
[27-Feb-2018 02:05:04 UTC] PHP Stack trace:
[27-Feb-2018 02:05:04 UTC] PHP   1. {main}() /home/ubuntu/workspace/lmontanari/Labs/Lab4/index.php:0
[03-Mar-2018 02:07:10 UTC] PHP Parse error:  syntax error, unexpected '}', expecting ',' or ';' in /home/ubuntu/workspace/lmontanari/Labs/Lab4/index.php on line 68
[12-Mar-2018 22:42:14 UTC] PHP Fatal error:  Uncaught exception 'PDOException' with message 'SQLSTATE[42000]: Syntax error or access violation: 1064 You have an error in your SQL syntax; check the manual that corresponds to your MySQL server version for the right syntax to use near 'catId = '5'' at line 1' in /home/ubuntu/workspace/lmontanari/Labs/Lab6/index.php:56
Stack trace:
#0 /home/ubuntu/workspace/lmontanari/Labs/Lab6/index.php(56): PDOStatement->execute(Array)
#1 /home/ubuntu/workspace/lmontanari/Labs/Lab6/index.php(110): displaySearchResults()
#2 {main}
  thrown in /home/ubuntu/workspace/lmontanari/Labs/Lab6/index.php on line 56
[14-Mar-2018 22:06:53 UTC] PHP Fatal error:  Uncaught exception 'PDOException' with message 'SQLSTATE[42000]: Syntax error or access violation: 1064 You have an error in your SQL syntax; check the manual that corresponds to your MySQL server version for the right syntax to use near 'price BETWEEN 20 AND 100' at line 1' in /home/ubuntu/workspace/lmontanari/Labs/Lab6/index.php:58
Stack trace:
#0 /home/ubuntu/workspace/lmontanari/Labs/Lab6/index.php(58): PDOStatement->execute(Array)
#1 /home/ubuntu/workspace/lmontanari/Labs/Lab6/index.php(112): displaySearchResults()
#2 {main}
  thrown in /home/ubuntu/workspace/lmontanari/Labs/Lab6/index.php on line 58
[14-Mar-2018 22:10:42 UTC] PHP Fatal error:  Uncaught exception 'PDOException' with message 'SQLSTATE[42000]: Syntax error or access violation: 1064 You have an error in your SQL syntax; check the manual that corresponds to your MySQL server version for the right syntax to use near 'price >= '40' AND price <= '250'' at line 1' in /home/ubuntu/workspace/lmontanari/Labs/Lab6/index.php:63
Stack trace:
#0 /home/ubuntu/workspace/lmontanari/Labs/Lab6/index.php(63): PDOStatement->execute(Array)
#1 /home/ubuntu/workspace/lmontanari/Labs/Lab6/index.php(117): displaySearchResults()
#2 {main}
  thrown in /home/ubuntu/workspace/lmontanari/Labs/Lab6/index.php on line 63
[14-Mar-2018 22:15:37 UTC] PHP Parse error:  syntax error, unexpected '$record' (T_VARIABLE), expecting ',' or ';' in /home/ubuntu/workspace/lmontanari/Labs/Lab6/index.php on line 82
[14-Mar-2018 22:42:18 UTC] PHP Fatal error:  Uncaught exception 'PDOException' with message 'SQLSTATE[HY093]: Invalid parameter number: no parameters were bound' in /home/ubuntu/workspace/lmontanari/Labs/Lab6/purchaseHistory.php:19
Stack trace:
#0 /home/ubuntu/workspace/lmontanari/Labs/Lab6/purchaseHistory.php(19): PDOStatement->execute()
#1 {main}
  thrown in /home/ubuntu/workspace/lmontanari/Labs/Lab6/purchaseHistory.php on line 19
[23-Mar-2018 02:56:15 UTC] PHP Warning:  include(../wmapi.php): failed to open stream: No such file or directory in /home/ubuntu/workspace/lmontanari/Labs/Lab5/index.php on line 5
[23-Mar-2018 02:56:15 UTC] PHP Stack trace:
[23-Mar-2018 02:56:15 UTC] PHP   1. {main}() /home/ubuntu/workspace/lmontanari/Labs/Lab5/index.php:0
[23-Mar-2018 02:56:15 UTC] PHP Warning:  include(): Failed opening '../wmapi.php' for inclusion (include_path='.:/usr/share/php:/usr/share/pear') in /home/ubuntu/workspace/lmontanari/Labs/Lab5/index.php on line 5
[23-Mar-2018 02:56:15 UTC] PHP Stack trace:
[23-Mar-2018 02:56:15 UTC] PHP   1. {main}() /home/ubuntu/workspace/lmontanari/Labs/Lab5/index.php:0
[23-Mar-2018 02:56:15 UTC] PHP Fatal error:  Call to undefined function getProducts() in /home/ubuntu/workspace/lmontanari/Labs/Lab5/index.php on line 7
[23-Mar-2018 02:56:15 UTC] PHP Stack trace:
[23-Mar-2018 02:56:15 UTC] PHP   1. {main}() /home/ubuntu/workspace/lmontanari/Labs/Lab5/index.php:0
[23-Mar-2018 02:56:35 UTC] PHP Warning:  include(/wmapi.php): failed to open stream: No such file or directory in /home/ubuntu/workspace/lmontanari/Labs/Lab5/index.php on line 5
[23-Mar-2018 02:56:35 UTC] PHP Stack trace:
[23-Mar-2018 02:56:35 UTC] PHP   1. {main}() /home/ubuntu/workspace/lmontanari/Labs/Lab5/index.php:0
[23-Mar-2018 02:56:35 UTC] PHP Warning:  include(): Failed opening '/wmapi.php' for inclusion (include_path='.:/usr/share/php:/usr/share/pear') in /home/ubuntu/workspace/lmontanari/Labs/Lab5/index.php on line 5
[23-Mar-2018 02:56:35 UTC] PHP Stack trace:
[23-Mar-2018 02:56:35 UTC] PHP   1. {main}() /home/ubuntu/workspace/lmontanari/Labs/Lab5/index.php:0
[23-Mar-2018 02:56:35 UTC] PHP Fatal error:  Call to undefined function getProducts() in /home/ubuntu/workspace/lmontanari/Labs/Lab5/index.php on line 7
[23-Mar-2018 02:56:35 UTC] PHP Stack trace:
[23-Mar-2018 02:56:35 UTC] PHP   1. {main}() /home/ubuntu/workspace/lmontanari/Labs/Lab5/index.php:0
[23-Mar-2018 02:58:56 UTC] PHP Parse error:  syntax error, unexpected 'array' (T_ARRAY) in /home/ubuntu/workspace/lmontanari/Labs/Lab5/index.php on line 7
[23-Mar-2018 03:01:07 UTC] PHP Parse error:  syntax error, unexpected '$items' (T_VARIABLE) in /home/ubuntu/workspace/lmontanari/Labs/Lab5/index.php on line 8
[25-Mar-2018 04:57:48 UTC] PHP Fatal error:  Call to undefined function displayResults() in /home/ubuntu/workspace/lmontanari/Labs/Lab5/index.php on line 7
[25-Mar-2018 04:57:48 UTC] PHP Stack trace:
[25-Mar-2018 04:57:48 UTC] PHP   1. {main}() /home/ubuntu/workspace/lmontanari/Labs/Lab5/index.php:0
[25-Mar-2018 04:59:06 UTC] PHP Fatal error:  Cannot redeclare displayResults() (previously declared in /home/ubuntu/workspace/lmontanari/Labs/Lab5/functions.php:3) in /home/ubuntu/workspace/lmontanari/Labs/Lab5/functions.php on line 3
[25-Mar-2018 04:59:06 UTC] PHP Stack trace:
[25-Mar-2018 04:59:06 UTC] PHP   1. {main}() /home/ubuntu/workspace/lmontanari/Labs/Lab5/index.php:0
[25-Mar-2018 04:59:06 UTC] PHP   2. displayResults() /home/ubuntu/workspace/lmontanari/Labs/Lab5/index.php:7
[25-Mar-2018 04:59:06 UTC] PHP   3. include() /home/ubuntu/workspace/lmontanari/Labs/Lab5/functions.php:4
[25-Mar-2018 05:01:01 UTC] PHP Fatal error:  Cannot redeclare displayResults() (previously declared in /home/ubuntu/workspace/lmontanari/Labs/Lab5/functions.php:3) in /home/ubuntu/workspace/lmontanari/Labs/Lab5/functions.php on line 3
[25-Mar-2018 05:01:01 UTC] PHP Stack trace:
[25-Mar-2018 05:01:01 UTC] PHP   1. {main}() /home/ubuntu/workspace/lmontanari/Labs/Lab5/index.php:0
[25-Mar-2018 05:01:01 UTC] PHP   2. displayResults() /home/ubuntu/workspace/lmontanari/Labs/Lab5/index.php:52
[25-Mar-2018 05:01:01 UTC] PHP   3. include() /home/ubuntu/workspace/lmontanari/Labs/Lab5/functions.php:4
[25-Mar-2018 05:31:54 UTC] PHP Warning:  Illegal string offset 'name' in /home/ubuntu/workspace/lmontanari/Labs/Lab5/functions.php on line 37
[25-Mar-2018 05:31:54 UTC] PHP Stack trace:
[25-Mar-2018 05:31:54 UTC] PHP   1. {main}() /home/ubuntu/workspace/lmontanari/Labs/Lab5/scart.php:0
[25-Mar-2018 05:31:54 UTC] PHP   2. displayCart() /home/ubuntu/workspace/lmontanari/Labs/Lab5/scart.php:38
[25-Mar-2018 05:31:54 UTC] PHP Warning:  Illegal string offset 'price' in /home/ubuntu/workspace/lmontanari/Labs/Lab5/functions.php on line 38
[25-Mar-2018 05:31:54 UTC] PHP Stack trace:
[25-Mar-2018 05:31:54 UTC] PHP   1. {main}() /home/ubuntu/workspace/lmontanari/Labs/Lab5/scart.php:0
[25-Mar-2018 05:31:54 UTC] PHP   2. displayCart() /home/ubuntu/workspace/lmontanari/Labs/Lab5/scart.php:38
[25-Mar-2018 05:31:54 UTC] PHP Warning:  Illegal string offset 'image' in /home/ubuntu/workspace/lmontanari/Labs/Lab5/functions.php on line 39
[25-Mar-2018 05:31:54 UTC] PHP Stack trace:
[25-Mar-2018 05:31:54 UTC] PHP   1. {main}() /home/ubuntu/workspace/lmontanari/Labs/Lab5/scart.php:0
[25-Mar-2018 05:31:54 UTC] PHP   2. displayCart() /home/ubuntu/workspace/lmontanari/Labs/Lab5/scart.php:38
[25-Mar-2018 05:31:54 UTC] PHP Warning:  Illegal string offset 'id' in /home/ubuntu/workspace/lmontanari/Labs/Lab5/functions.php on line 40
[25-Mar-2018 05:31:54 UTC] PHP Stack trace:
[25-Mar-2018 05:31:54 UTC] PHP   1. {main}() /home/ubuntu/workspace/lmontanari/Labs/Lab5/scart.php:0
[25-Mar-2018 05:31:54 UTC] PHP   2. displayCart() /home/ubuntu/workspace/lmontanari/Labs/Lab5/scart.php:38
[25-Mar-2018 05:31:54 UTC] PHP Warning:  Illegal string offset 'name' in /home/ubuntu/workspace/lmontanari/Labs/Lab5/functions.php on line 37
[25-Mar-2018 05:31:54 UTC] PHP Stack trace:
[25-Mar-2018 05:31:54 UTC] PHP   1. {main}() /home/ubuntu/workspace/lmontanari/Labs/Lab5/scart.php:0
[25-Mar-2018 05:31:54 UTC] PHP   2. displayCart() /home/ubuntu/workspace/lmontanari/Labs/Lab5/scart.php:38
[25-Mar-2018 05:31:54 UTC] PHP Warning:  Illegal string offset 'price' in /home/ubuntu/workspace/lmontanari/Labs/Lab5/functions.php on line 38
[25-Mar-2018 05:31:54 UTC] PHP Stack trace:
[25-Mar-2018 05:31:54 UTC] PHP   1. {main}() /home/ubuntu/workspace/lmontanari/Labs/Lab5/scart.php:0
[25-Mar-2018 05:31:54 UTC] PHP   2. displayCart() /home/ubuntu/workspace/lmontanari/Labs/Lab5/scart.php:38
[25-Mar-2018 05:31:54 UTC] PHP Warning:  Illegal string offset 'image' in /home/ubuntu/workspace/lmontanari/Labs/Lab5/functions.php on line 39
[25-Mar-2018 05:31:54 UTC] PHP Stack trace:
[25-Mar-2018 05:31:54 UTC] PHP   1. {main}() /home/ubuntu/workspace/lmontanari/Labs/Lab5/scart.php:0
[25-Mar-2018 05:31:54 UTC] PHP   2. displayCart() /home/ubuntu/workspace/lmontanari/Labs/Lab5/scart.php:38
[25-Mar-2018 05:31:54 UTC] PHP Warning:  Illegal string offset 'id' in /home/ubuntu/workspace/lmontanari/Labs/Lab5/functions.php on line 40
[25-Mar-2018 05:31:54 UTC] PHP Stack trace:
[25-Mar-2018 05:31:54 UTC] PHP   1. {main}() /home/ubuntu/workspace/lmontanari/Labs/Lab5/scart.php:0
[25-Mar-2018 05:31:54 UTC] PHP   2. displayCart() /home/ubuntu/workspace/lmontanari/Labs/Lab5/scart.php:38
[25-Mar-2018 05:33:26 UTC] PHP Warning:  Illegal string offset 'name' in /home/ubuntu/workspace/lmontanari/Labs/Lab5/functions.php on line 37
[25-Mar-2018 05:33:26 UTC] PHP Stack trace:
[25-Mar-2018 05:33:26 UTC] PHP   1. {main}() /home/ubuntu/workspace/lmontanari/Labs/Lab5/scart.php:0
[25-Mar-2018 05:33:26 UTC] PHP   2. displayCart() /home/ubuntu/workspace/lmontanari/Labs/Lab5/scart.php:38
[25-Mar-2018 05:33:26 UTC] PHP Warning:  Illegal string offset 'price' in /home/ubuntu/workspace/lmontanari/Labs/Lab5/functions.php on line 38
[25-Mar-2018 05:33:26 UTC] PHP Stack trace:
[25-Mar-2018 05:33:26 UTC] PHP   1. {main}() /home/ubuntu/workspace/lmontanari/Labs/Lab5/scart.php:0
[25-Mar-2018 05:33:26 UTC] PHP   2. displayCart() /home/ubuntu/workspace/lmontanari/Labs/Lab5/scart.php:38
[25-Mar-2018 05:33:26 UTC] PHP Warning:  Illegal string offset 'image' in /home/ubuntu/workspace/lmontanari/Labs/Lab5/functions.php on line 39
[25-Mar-2018 05:33:26 UTC] PHP Stack trace:
[25-Mar-2018 05:33:26 UTC] PHP   1. {main}() /home/ubuntu/workspace/lmontanari/Labs/Lab5/scart.php:0
[25-Mar-2018 05:33:26 UTC] PHP   2. displayCart() /home/ubuntu/workspace/lmontanari/Labs/Lab5/scart.php:38
[25-Mar-2018 05:33:26 UTC] PHP Warning:  Illegal string offset 'id' in /home/ubuntu/workspace/lmontanari/Labs/Lab5/functions.php on line 40
[25-Mar-2018 05:33:26 UTC] PHP Stack trace:
[25-Mar-2018 05:33:26 UTC] PHP   1. {main}() /home/ubuntu/workspace/lmontanari/Labs/Lab5/scart.php:0
[25-Mar-2018 05:33:26 UTC] PHP   2. displayCart() /home/ubuntu/workspace/lmontanari/Labs/Lab5/scart.php:38
[25-Mar-2018 05:33:26 UTC] PHP Warning:  Illegal string offset 'name' in /home/ubuntu/workspace/lmontanari/Labs/Lab5/functions.php on line 37
[25-Mar-2018 05:33:26 UTC] PHP Stack trace:
[25-Mar-2018 05:33:26 UTC] PHP   1. {main}() /home/ubuntu/workspace/lmontanari/Labs/Lab5/scart.php:0
[25-Mar-2018 05:33:26 UTC] PHP   2. displayCart() /home/ubuntu/workspace/lmontanari/Labs/Lab5/scart.php:38
[25-Mar-2018 05:33:26 UTC] PHP Warning:  Illegal string offset 'price' in /home/ubuntu/workspace/lmontanari/Labs/Lab5/functions.php on line 38
[25-Mar-2018 05:33:26 UTC] PHP Stack trace:
[25-Mar-2018 05:33:26 UTC] PHP   1. {main}() /home/ubuntu/workspace/lmontanari/Labs/Lab5/scart.php:0
[25-Mar-2018 05:33:26 UTC] PHP   2. displayCart() /home/ubuntu/workspace/lmontanari/Labs/Lab5/scart.php:38
[25-Mar-2018 05:33:26 UTC] PHP Warning:  Illegal string offset 'image' in /home/ubuntu/workspace/lmontanari/Labs/Lab5/functions.php on line 39
[25-Mar-2018 05:33:26 UTC] PHP Stack trace:
[25-Mar-2018 05:33:26 UTC] PHP   1. {main}() /home/ubuntu/workspace/lmontanari/Labs/Lab5/scart.php:0
[25-Mar-2018 05:33:26 UTC] PHP   2. displayCart() /home/ubuntu/workspace/lmontanari/Labs/Lab5/scart.php:38
[25-Mar-2018 05:33:26 UTC] PHP Warning:  Illegal string offset 'id' in /home/ubuntu/workspace/lmontanari/Labs/Lab5/functions.php on line 40
[25-Mar-2018 05:33:26 UTC] PHP Stack trace:
[25-Mar-2018 05:33:26 UTC] PHP   1. {main}() /home/ubuntu/workspace/lmontanari/Labs/Lab5/scart.php:0
[25-Mar-2018 05:33:26 UTC] PHP   2. displayCart() /home/ubuntu/workspace/lmontanari/Labs/Lab5/scart.php:38
[25-Mar-2018 05:35:47 UTC] PHP Warning:  Illegal string offset 'name' in /home/ubuntu/workspace/lmontanari/Labs/Lab5/functions.php on line 37
[25-Mar-2018 05:35:47 UTC] PHP Stack trace:
[25-Mar-2018 05:35:47 UTC] PHP   1. {main}() /home/ubuntu/workspace/lmontanari/Labs/Lab5/scart.php:0
[25-Mar-2018 05:35:47 UTC] PHP   2. displayCart() /home/ubuntu/workspace/lmontanari/Labs/Lab5/scart.php:38
[25-Mar-2018 05:35:47 UTC] PHP Warning:  Illegal string offset 'price' in /home/ubuntu/workspace/lmontanari/Labs/Lab5/functions.php on line 38
[25-Mar-2018 05:35:47 UTC] PHP Stack trace:
[25-Mar-2018 05:35:47 UTC] PHP   1. {main}() /home/ubuntu/workspace/lmontanari/Labs/Lab5/scart.php:0
[25-Mar-2018 05:35:47 UTC] PHP   2. displayCart() /home/ubuntu/workspace/lmontanari/Labs/Lab5/scart.php:38
[25-Mar-2018 05:35:47 UTC] PHP Warning:  Illegal string offset 'image' in /home/ubuntu/workspace/lmontanari/Labs/Lab5/functions.php on line 39
[25-Mar-2018 05:35:47 UTC] PHP Stack trace:
[25-Mar-2018 05:35:47 UTC] PHP   1. {main}() /home/ubuntu/workspace/lmontanari/Labs/Lab5/scart.php:0
[25-Mar-2018 05:35:47 UTC] PHP   2. displayCart() /home/ubuntu/workspace/lmontanari/Labs/Lab5/scart.php:38
[25-Mar-2018 05:35:47 UTC] PHP Warning:  Illegal string offset 'id' in /home/ubuntu/workspace/lmontanari/Labs/Lab5/functions.php on line 40
[25-Mar-2018 05:35:47 UTC] PHP Stack trace:
[25-Mar-2018 05:35:47 UTC] PHP   1. {main}() /home/ubuntu/workspace/lmontanari/Labs/Lab5/scart.php:0
[25-Mar-2018 05:35:47 UTC] PHP   2. displayCart() /home/ubuntu/workspace/lmontanari/Labs/Lab5/scart.php:38
[25-Mar-2018 05:35:47 UTC] PHP Warning:  Illegal string offset 'name' in /home/ubuntu/workspace/lmontanari/Labs/Lab5/functions.php on line 37
[25-Mar-2018 05:35:47 UTC] PHP Stack trace:
[25-Mar-2018 05:35:47 UTC] PHP   1. {main}() /home/ubuntu/workspace/lmontanari/Labs/Lab5/scart.php:0
[25-Mar-2018 05:35:47 UTC] PHP   2. displayCart() /home/ubuntu/workspace/lmontanari/Labs/Lab5/scart.php:38
[25-Mar-2018 05:35:47 UTC] PHP Warning:  Illegal string offset 'price' in /home/ubuntu/workspace/lmontanari/Labs/Lab5/functions.php on line 38
[25-Mar-2018 05:35:47 UTC] PHP Stack trace:
[25-Mar-2018 05:35:47 UTC] PHP   1. {main}() /home/ubuntu/workspace/lmontanari/Labs/Lab5/scart.php:0
[25-Mar-2018 05:35:47 UTC] PHP   2. displayCart() /home/ubuntu/workspace/lmontanari/Labs/Lab5/scart.php:38
[25-Mar-2018 05:35:47 UTC] PHP Warning:  Illegal string offset 'image' in /home/ubuntu/workspace/lmontanari/Labs/Lab5/functions.php on line 39
[25-Mar-2018 05:35:47 UTC] PHP Stack trace:
[25-Mar-2018 05:35:47 UTC] PHP   1. {main}() /home/ubuntu/workspace/lmontanari/Labs/Lab5/scart.php:0
[25-Mar-2018 05:35:47 UTC] PHP   2. displayCart() /home/ubuntu/workspace/lmontanari/Labs/Lab5/scart.php:38
[25-Mar-2018 05:35:47 UTC] PHP Warning:  Illegal string offset 'id' in /home/ubuntu/workspace/lmontanari/Labs/Lab5/functions.php on line 40
[25-Mar-2018 05:35:47 UTC] PHP Stack trace:
[25-Mar-2018 05:35:47 UTC] PHP   1. {main}() /home/ubuntu/workspace/lmontanari/Labs/Lab5/scart.php:0
[25-Mar-2018 05:35:47 UTC] PHP   2. displayCart() /home/ubuntu/workspace/lmontanari/Labs/Lab5/scart.php:38
[25-Mar-2018 05:38:41 UTC] PHP Warning:  Illegal string offset 'name' in /home/ubuntu/workspace/lmontanari/Labs/Lab5/functions.php on line 37
[25-Mar-2018 05:38:41 UTC] PHP Stack trace:
[25-Mar-2018 05:38:41 UTC] PHP   1. {main}() /home/ubuntu/workspace/lmontanari/Labs/Lab5/scart.php:0
[25-Mar-2018 05:38:41 UTC] PHP   2. displayCart() /home/ubuntu/workspace/lmontanari/Labs/Lab5/scart.php:38
[25-Mar-2018 05:38:41 UTC] PHP Warning:  Illegal string offset 'price' in /home/ubuntu/workspace/lmontanari/Labs/Lab5/functions.php on line 38
[25-Mar-2018 05:38:41 UTC] PHP Stack trace:
[25-Mar-2018 05:38:41 UTC] PHP   1. {main}() /home/ubuntu/workspace/lmontanari/Labs/Lab5/scart.php:0
[25-Mar-2018 05:38:41 UTC] PHP   2. displayCart() /home/ubuntu/workspace/lmontanari/Labs/Lab5/scart.php:38
[25-Mar-2018 05:38:41 UTC] PHP Warning:  Illegal string offset 'image' in /home/ubuntu/workspace/lmontanari/Labs/Lab5/functions.php on line 39
[25-Mar-2018 05:38:41 UTC] PHP Stack trace:
[25-Mar-2018 05:38:41 UTC] PHP   1. {main}() /home/ubuntu/workspace/lmontanari/Labs/Lab5/scart.php:0
[25-Mar-2018 05:38:41 UTC] PHP   2. displayCart() /home/ubuntu/workspace/lmontanari/Labs/Lab5/scart.php:38
[25-Mar-2018 05:38:41 UTC] PHP Warning:  Illegal string offset 'id' in /home/ubuntu/workspace/lmontanari/Labs/Lab5/functions.php on line 40
[25-Mar-2018 05:38:41 UTC] PHP Stack trace:
[25-Mar-2018 05:38:41 UTC] PHP   1. {main}() /home/ubuntu/workspace/lmontanari/Labs/Lab5/scart.php:0
[25-Mar-2018 05:38:41 UTC] PHP   2. displayCart() /home/ubuntu/workspace/lmontanari/Labs/Lab5/scart.php:38
[25-Mar-2018 05:38:41 UTC] PHP Warning:  Illegal string offset 'name' in /home/ubuntu/workspace/lmontanari/Labs/Lab5/functions.php on line 37
[25-Mar-2018 05:38:41 UTC] PHP Stack trace:
[25-Mar-2018 05:38:41 UTC] PHP   1. {main}() /home/ubuntu/workspace/lmontanari/Labs/Lab5/scart.php:0
[25-Mar-2018 05:38:41 UTC] PHP   2. displayCart() /home/ubuntu/workspace/lmontanari/Labs/Lab5/scart.php:38
[25-Mar-2018 05:38:41 UTC] PHP Warning:  Illegal string offset 'price' in /home/ubuntu/workspace/lmontanari/Labs/Lab5/functions.php on line 38
[25-Mar-2018 05:38:41 UTC] PHP Stack trace:
[25-Mar-2018 05:38:41 UTC] PHP   1. {main}() /home/ubuntu/workspace/lmontanari/Labs/Lab5/scart.php:0
[25-Mar-2018 05:38:41 UTC] PHP   2. displayCart() /home/ubuntu/workspace/lmontanari/Labs/Lab5/scart.php:38
[25-Mar-2018 05:38:41 UTC] PHP Warning:  Illegal string offset 'image' in /home/ubuntu/workspace/lmontanari/Labs/Lab5/functions.php on line 39
[25-Mar-2018 05:38:41 UTC] PHP Stack trace:
[25-Mar-2018 05:38:41 UTC] PHP   1. {main}() /home/ubuntu/workspace/lmontanari/Labs/Lab5/scart.php:0
[25-Mar-2018 05:38:41 UTC] PHP   2. displayCart() /home/ubuntu/workspace/lmontanari/Labs/Lab5/scart.php:38
[25-Mar-2018 05:38:41 UTC] PHP Warning:  Illegal string offset 'id' in /home/ubuntu/workspace/lmontanari/Labs/Lab5/functions.php on line 40
[25-Mar-2018 05:38:41 UTC] PHP Stack trace:
[25-Mar-2018 05:38:41 UTC] PHP   1. {main}() /home/ubuntu/workspace/lmontanari/Labs/Lab5/scart.php:0
[25-Mar-2018 05:38:41 UTC] PHP   2. displayCart() /home/ubuntu/workspace/lmontanari/Labs/Lab5/scart.php:38
[25-Mar-2018 05:46:38 UTC] PHP Warning:  Illegal string offset 'name' in /home/ubuntu/workspace/lmontanari/Labs/Lab5/functions.php on line 39
[25-Mar-2018 05:46:38 UTC] PHP Stack trace:
[25-Mar-2018 05:46:38 UTC] PHP   1. {main}() /home/ubuntu/workspace/lmontanari/Labs/Lab5/scart.php:0
[25-Mar-2018 05:46:38 UTC] PHP   2. displayCart() /home/ubuntu/workspace/lmontanari/Labs/Lab5/scart.php:38
[25-Mar-2018 05:46:38 UTC] PHP Warning:  Illegal string offset 'price' in /home/ubuntu/workspace/lmontanari/Labs/Lab5/functions.php on line 40
[25-Mar-2018 05:46:38 UTC] PHP Stack trace:
[25-Mar-2018 05:46:38 UTC] PHP   1. {main}() /home/ubuntu/workspace/lmontanari/Labs/Lab5/scart.php:0
[25-Mar-2018 05:46:38 UTC] PHP   2. displayCart() /home/ubuntu/workspace/lmontanari/Labs/Lab5/scart.php:38
[25-Mar-2018 05:46:38 UTC] PHP Warning:  Illegal string offset 'image' in /home/ubuntu/workspace/lmontanari/Labs/Lab5/functions.php on line 41
[25-Mar-2018 05:46:38 UTC] PHP Stack trace:
[25-Mar-2018 05:46:38 UTC] PHP   1. {main}() /home/ubuntu/workspace/lmontanari/Labs/Lab5/scart.php:0
[25-Mar-2018 05:46:38 UTC] PHP   2. displayCart() /home/ubuntu/workspace/lmontanari/Labs/Lab5/scart.php:38
[25-Mar-2018 05:46:38 UTC] PHP Warning:  Illegal string offset 'id' in /home/ubuntu/workspace/lmontanari/Labs/Lab5/functions.php on line 42
[25-Mar-2018 05:46:38 UTC] PHP Stack trace:
[25-Mar-2018 05:46:38 UTC] PHP   1. {main}() /home/ubuntu/workspace/lmontanari/Labs/Lab5/scart.php:0
[25-Mar-2018 05:46:38 UTC] PHP   2. displayCart() /home/ubuntu/workspace/lmontanari/Labs/Lab5/scart.php:38
[25-Mar-2018 05:46:38 UTC] PHP Warning:  Illegal string offset 'name' in /home/ubuntu/workspace/lmontanari/Labs/Lab5/functions.php on line 39
[25-Mar-2018 05:46:38 UTC] PHP Stack trace:
[25-Mar-2018 05:46:38 UTC] PHP   1. {main}() /home/ubuntu/workspace/lmontanari/Labs/Lab5/scart.php:0
[25-Mar-2018 05:46:38 UTC] PHP   2. displayCart() /home/ubuntu/workspace/lmontanari/Labs/Lab5/scart.php:38
[25-Mar-2018 05:46:38 UTC] PHP Warning:  Illegal string offset 'price' in /home/ubuntu/workspace/lmontanari/Labs/Lab5/functions.php on line 40
[25-Mar-2018 05:46:38 UTC] PHP Stack trace:
[25-Mar-2018 05:46:38 UTC] PHP   1. {main}() /home/ubuntu/workspace/lmontanari/Labs/Lab5/scart.php:0
[25-Mar-2018 05:46:38 UTC] PHP   2. displayCart() /home/ubuntu/workspace/lmontanari/Labs/Lab5/scart.php:38
[25-Mar-2018 05:46:38 UTC] PHP Warning:  Illegal string offset 'image' in /home/ubuntu/workspace/lmontanari/Labs/Lab5/functions.php on line 41
[25-Mar-2018 05:46:38 UTC] PHP Stack trace:
[25-Mar-2018 05:46:38 UTC] PHP   1. {main}() /home/ubuntu/workspace/lmontanari/Labs/Lab5/scart.php:0
[25-Mar-2018 05:46:38 UTC] PHP   2. displayCart() /home/ubuntu/workspace/lmontanari/Labs/Lab5/scart.php:38
[25-Mar-2018 05:46:38 UTC] PHP Warning:  Illegal string offset 'id' in /home/ubuntu/workspace/lmontanari/Labs/Lab5/functions.php on line 42
[25-Mar-2018 05:46:38 UTC] PHP Stack trace:
[25-Mar-2018 05:46:38 UTC] PHP   1. {main}() /home/ubuntu/workspace/lmontanari/Labs/Lab5/scart.php:0
[25-Mar-2018 05:46:38 UTC] PHP   2. displayCart() /home/ubuntu/workspace/lmontanari/Labs/Lab5/scart.php:38
[25-Mar-2018 05:52:56 UTC] PHP Warning:  Illegal string offset 'name' in /home/ubuntu/workspace/lmontanari/Labs/Lab5/functions.php on line 39
[25-Mar-2018 05:52:56 UTC] PHP Stack trace:
[25-Mar-2018 05:52:56 UTC] PHP   1. {main}() /home/ubuntu/workspace/lmontanari/Labs/Lab5/scart.php:0
[25-Mar-2018 05:52:56 UTC] PHP   2. displayCart() /home/ubuntu/workspace/lmontanari/Labs/Lab5/scart.php:38
[25-Mar-2018 05:52:56 UTC] PHP Warning:  Illegal string offset 'price' in /home/ubuntu/workspace/lmontanari/Labs/Lab5/functions.php on line 40
[25-Mar-2018 05:52:56 UTC] PHP Stack trace:
[25-Mar-2018 05:52:56 UTC] PHP   1. {main}() /home/ubuntu/workspace/lmontanari/Labs/Lab5/scart.php:0
[25-Mar-2018 05:52:56 UTC] PHP   2. displayCart() /home/ubuntu/workspace/lmontanari/Labs/Lab5/scart.php:38
[25-Mar-2018 05:52:56 UTC] PHP Warning:  Illegal string offset 'image' in /home/ubuntu/workspace/lmontanari/Labs/Lab5/functions.php on line 41
[25-Mar-2018 05:52:56 UTC] PHP Stack trace:
[25-Mar-2018 05:52:56 UTC] PHP   1. {main}() /home/ubuntu/workspace/lmontanari/Labs/Lab5/scart.php:0
[25-Mar-2018 05:52:56 UTC] PHP   2. displayCart() /home/ubuntu/workspace/lmontanari/Labs/Lab5/scart.php:38
[25-Mar-2018 05:52:56 UTC] PHP Warning:  Illegal string offset 'id' in /home/ubuntu/workspace/lmontanari/Labs/Lab5/functions.php on line 42
[25-Mar-2018 05:52:56 UTC] PHP Stack trace:
[25-Mar-2018 05:52:56 UTC] PHP   1. {main}() /home/ubuntu/workspace/lmontanari/Labs/Lab5/scart.php:0
[25-Mar-2018 05:52:56 UTC] PHP   2. displayCart() /home/ubuntu/workspace/lmontanari/Labs/Lab5/scart.php:38
[25-Mar-2018 05:52:56 UTC] PHP Warning:  Illegal string offset 'name' in /home/ubuntu/workspace/lmontanari/Labs/Lab5/functions.php on line 39
[25-Mar-2018 05:52:56 UTC] PHP Stack trace:
[25-Mar-2018 05:52:56 UTC] PHP   1. {main}() /home/ubuntu/workspace/lmontanari/Labs/Lab5/scart.php:0
[25-Mar-2018 05:52:56 UTC] PHP   2. displayCart() /home/ubuntu/workspace/lmontanari/Labs/Lab5/scart.php:38
[25-Mar-2018 05:52:56 UTC] PHP Warning:  Illegal string offset 'price' in /home/ubuntu/workspace/lmontanari/Labs/Lab5/functions.php on line 40
[25-Mar-2018 05:52:56 UTC] PHP Stack trace:
[25-Mar-2018 05:52:56 UTC] PHP   1. {main}() /home/ubuntu/workspace/lmontanari/Labs/Lab5/scart.php:0
[25-Mar-2018 05:52:56 UTC] PHP   2. displayCart() /home/ubuntu/workspace/lmontanari/Labs/Lab5/scart.php:38
[25-Mar-2018 05:52:56 UTC] PHP Warning:  Illegal string offset 'image' in /home/ubuntu/workspace/lmontanari/Labs/Lab5/functions.php on line 41
[25-Mar-2018 05:52:56 UTC] PHP Stack trace:
[25-Mar-2018 05:52:56 UTC] PHP   1. {main}() /home/ubuntu/workspace/lmontanari/Labs/Lab5/scart.php:0
[25-Mar-2018 05:52:56 UTC] PHP   2. displayCart() /home/ubuntu/workspace/lmontanari/Labs/Lab5/scart.php:38
[25-Mar-2018 05:52:56 UTC] PHP Warning:  Illegal string offset 'id' in /home/ubuntu/workspace/lmontanari/Labs/Lab5/functions.php on line 42
[25-Mar-2018 05:52:56 UTC] PHP Stack trace:
[25-Mar-2018 05:52:56 UTC] PHP   1. {main}() /home/ubuntu/workspace/lmontanari/Labs/Lab5/scart.php:0
[25-Mar-2018 05:52:56 UTC] PHP   2. displayCart() /home/ubuntu/workspace/lmontanari/Labs/Lab5/scart.php:38
[25-Mar-2018 05:54:04 UTC] PHP Fatal error:  Cannot redeclare displayResults() (previously declared in /home/ubuntu/workspace/lmontanari/Labs/Lab5/functions.php:5) in /home/ubuntu/workspace/lmontanari/Labs/Lab5/functions.php on line 5
[25-Mar-2018 05:54:04 UTC] PHP Stack trace:
[25-Mar-2018 05:54:04 UTC] PHP   1. {main}() /home/ubuntu/workspace/lmontanari/Labs/Lab5/scart.php:0
[25-Mar-2018 05:54:04 UTC] PHP   2. include() /home/ubuntu/workspace/lmontanari/Labs/Lab5/scart.php:3
[25-Mar-2018 05:54:04 UTC] PHP   3. include() /home/ubuntu/workspace/lmontanari/Labs/Lab5/functions.php:2
[25-Mar-2018 06:04:23 UTC] PHP Warning:  Invalid argument supplied for foreach() in /home/ubuntu/workspace/lmontanari/Labs/Lab5/scart.php on line 6
[25-Mar-2018 06:04:23 UTC] PHP Stack trace:
[25-Mar-2018 06:04:23 UTC] PHP   1. {main}() /home/ubuntu/workspace/lmontanari/Labs/Lab5/scart.php:0
[04-Apr-2018 21:17:33 UTC] PHP Warning:  include(../../dbConnection.php): failed to open stream: No such file or directory in /home/ubuntu/workspace/lmontanari/Labs/Lab7/loginProcess.php on line 7
[04-Apr-2018 21:17:33 UTC] PHP Stack trace:
[04-Apr-2018 21:17:33 UTC] PHP   1. {main}() /home/ubuntu/workspace/lmontanari/Labs/Lab7/loginProcess.php:0
[04-Apr-2018 21:17:33 UTC] PHP Warning:  include(): Failed opening '../../dbConnection.php' for inclusion (include_path='.:/usr/share/php:/usr/share/pear') in /home/ubuntu/workspace/lmontanari/Labs/Lab7/loginProcess.php on line 7
[04-Apr-2018 21:17:33 UTC] PHP Stack trace:
[04-Apr-2018 21:17:33 UTC] PHP   1. {main}() /home/ubuntu/workspace/lmontanari/Labs/Lab7/loginProcess.php:0
[04-Apr-2018 21:17:33 UTC] PHP Fatal error:  Call to undefined function getDatabaseConnection() in /home/ubuntu/workspace/lmontanari/Labs/Lab7/loginProcess.php on line 9
[04-Apr-2018 21:17:33 UTC] PHP Stack trace:
[04-Apr-2018 21:17:33 UTC] PHP   1. {main}() /home/ubuntu/workspace/lmontanari/Labs/Lab7/loginProcess.php:0
[04-Apr-2018 21:58:37 UTC] PHP Fatal error:  Uncaught exception 'PDOException' with message 'SQLSTATE[42000]: Syntax error or access violation: 1064 You have an error in your SQL syntax; check the manual that corresponds to your MySQL server version for the right syntax to use near 'ASC' at line 1' in /home/ubuntu/workspace/lmontanari/Labs/Lab7/updateProduct.php:32
Stack trace:
#0 /home/ubuntu/workspace/lmontanari/Labs/Lab7/updateProduct.php(32): PDOStatement->execute()
#1 /home/ubuntu/workspace/lmontanari/Labs/Lab7/updateProduct.php(61): getCategories()
#2 {main}
  thrown in /home/ubuntu/workspace/lmontanari/Labs/Lab7/updateProduct.php on line 32
[04-Apr-2018 21:58:53 UTC] PHP Fatal error:  Uncaught exception 'PDOException' with message 'SQLSTATE[42000]: Syntax error or access violation: 1064 You have an error in your SQL syntax; check the manual that corresponds to your MySQL server version for the right syntax to use near 'ASC' at line 1' in /home/ubuntu/workspace/lmontanari/Labs/Lab7/updateProduct.php:32
Stack trace:
#0 /home/ubuntu/workspace/lmontanari/Labs/Lab7/updateProduct.php(32): PDOStatement->execute()
#1 /home/ubuntu/workspace/lmontanari/Labs/Lab7/updateProduct.php(61): getCategories()
#2 {main}
  thrown in /home/ubuntu/workspace/lmontanari/Labs/Lab7/updateProduct.php on line 32
[04-Apr-2018 21:59:57 UTC] PHP Fatal error:  Uncaught exception 'PDOException' with message 'SQLSTATE[42000]: Syntax error or access violation: 1064 You have an error in your SQL syntax; check the manual that corresponds to your MySQL server version for the right syntax to use near 'ASC' at line 1' in /home/ubuntu/workspace/lmontanari/Labs/Lab7/updateProduct.php:32
Stack trace:
#0 /home/ubuntu/workspace/lmontanari/Labs/Lab7/updateProduct.php(32): PDOStatement->execute()
#1 /home/ubuntu/workspace/lmontanari/Labs/Lab7/updateProduct.php(61): getCategories()
#2 {main}
  thrown in /home/ubuntu/workspace/lmontanari/Labs/Lab7/updateProduct.php on line 32
[04-Apr-2018 22:00:35 UTC] PHP Fatal error:  Uncaught exception 'PDOException' with message 'SQLSTATE[42000]: Syntax error or access violation: 1064 You have an error in your SQL syntax; check the manual that corresponds to your MySQL server version for the right syntax to use near 'ASC' at line 1' in /home/ubuntu/workspace/lmontanari/Labs/Lab7/updateProduct.php:32
Stack trace:
#0 /home/ubuntu/workspace/lmontanari/Labs/Lab7/updateProduct.php(32): PDOStatement->execute()
#1 /home/ubuntu/workspace/lmontanari/Labs/Lab7/updateProduct.php(61): getCategories()
#2 {main}
  thrown in /home/ubuntu/workspace/lmontanari/Labs/Lab7/updateProduct.php on line 32
[04-Apr-2018 22:00:37 UTC] PHP Fatal error:  Uncaught exception 'PDOException' with message 'SQLSTATE[42000]: Syntax error or access violation: 1064 You have an error in your SQL syntax; check the manual that corresponds to your MySQL server version for the right syntax to use near 'ASC' at line 1' in /home/ubuntu/workspace/lmontanari/Labs/Lab7/updateProduct.php:32
Stack trace:
#0 /home/ubuntu/workspace/lmontanari/Labs/Lab7/updateProduct.php(32): PDOStatement->execute()
#1 /home/ubuntu/workspace/lmontanari/Labs/Lab7/updateProduct.php(61): getCategories()
#2 {main}
  thrown in /home/ubuntu/workspace/lmontanari/Labs/Lab7/updateProduct.php on line 32
[04-Apr-2018 22:01:06 UTC] PHP Fatal error:  Uncaught exception 'PDOException' with message 'SQLSTATE[42000]: Syntax error or access violation: 1064 You have an error in your SQL syntax; check the manual that corresponds to your MySQL server version for the right syntax to use near 'ASC' at line 1' in /home/ubuntu/workspace/lmontanari/Labs/Lab7/updateProduct.php:32
Stack trace:
#0 /home/ubuntu/workspace/lmontanari/Labs/Lab7/updateProduct.php(32): PDOStatement->execute()
#1 /home/ubuntu/workspace/lmontanari/Labs/Lab7/updateProduct.php(61): getCategories()
#2 {main}
  thrown in /home/ubuntu/workspace/lmontanari/Labs/Lab7/updateProduct.php on line 32
[04-Apr-2018 22:01:07 UTC] PHP Fatal error:  Uncaught exception 'PDOException' with message 'SQLSTATE[42000]: Syntax error or access violation: 1064 You have an error in your SQL syntax; check the manual that corresponds to your MySQL server version for the right syntax to use near 'ASC' at line 1' in /home/ubuntu/workspace/lmontanari/Labs/Lab7/updateProduct.php:32
Stack trace:
#0 /home/ubuntu/workspace/lmontanari/Labs/Lab7/updateProduct.php(32): PDOStatement->execute()
#1 /home/ubuntu/workspace/lmontanari/Labs/Lab7/updateProduct.php(61): getCategories()
#2 {main}
  thrown in /home/ubuntu/workspace/lmontanari/Labs/Lab7/updateProduct.php on line 32
[04-Apr-2018 22:01:52 UTC] PHP Fatal error:  Uncaught exception 'PDOException' with message 'SQLSTATE[42000]: Syntax error or access violation: 1064 You have an error in your SQL syntax; check the manual that corresponds to your MySQL server version for the right syntax to use near 'ASC' at line 1' in /home/ubuntu/workspace/lmontanari/Labs/Lab7/updateProduct.php:32
Stack trace:
#0 /home/ubuntu/workspace/lmontanari/Labs/Lab7/updateProduct.php(32): PDOStatement->execute()
#1 /home/ubuntu/workspace/lmontanari/Labs/Lab7/updateProduct.php(61): getCategories()
#2 {main}
  thrown in /home/ubuntu/workspace/lmontanari/Labs/Lab7/updateProduct.php on line 32
[04-Apr-2018 22:02:37 UTC] PHP Fatal error:  Uncaught exception 'PDOException' with message 'SQLSTATE[42000]: Syntax error or access violation: 1064 You have an error in your SQL syntax; check the manual that corresponds to your MySQL server version for the right syntax to use near 'ASC' at line 1' in /home/ubuntu/workspace/lmontanari/Labs/Lab7/updateProduct.php:32
Stack trace:
#0 /home/ubuntu/workspace/lmontanari/Labs/Lab7/updateProduct.php(32): PDOStatement->execute()
#1 /home/ubuntu/workspace/lmontanari/Labs/Lab7/updateProduct.php(61): getCategories()
#2 {main}
  thrown in /home/ubuntu/workspace/lmontanari/Labs/Lab7/updateProduct.php on line 32
[04-Apr-2018 22:04:12 UTC] PHP Fatal error:  Uncaught exception 'PDOException' with message 'SQLSTATE[42000]: Syntax error or access violation: 1064 You have an error in your SQL syntax; check the manual that corresponds to your MySQL server version for the right syntax to use near 'ASC' at line 1' in /home/ubuntu/workspace/lmontanari/Labs/Lab7/updateProduct.php:32
Stack trace:
#0 /home/ubuntu/workspace/lmontanari/Labs/Lab7/updateProduct.php(32): PDOStatement->execute()
#1 /home/ubuntu/workspace/lmontanari/Labs/Lab7/updateProduct.php(61): getCategories()
#2 {main}
  thrown in /home/ubuntu/workspace/lmontanari/Labs/Lab7/updateProduct.php on line 32
[04-Apr-2018 22:04:13 UTC] PHP Fatal error:  Uncaught exception 'PDOException' with message 'SQLSTATE[42000]: Syntax error or access violation: 1064 You have an error in your SQL syntax; check the manual that corresponds to your MySQL server version for the right syntax to use near 'ASC' at line 1' in /home/ubuntu/workspace/lmontanari/Labs/Lab7/updateProduct.php:32
Stack trace:
#0 /home/ubuntu/workspace/lmontanari/Labs/Lab7/updateProduct.php(32): PDOStatement->execute()
#1 /home/ubuntu/workspace/lmontanari/Labs/Lab7/updateProduct.php(61): getCategories()
#2 {main}
  thrown in /home/ubuntu/workspace/lmontanari/Labs/Lab7/updateProduct.php on line 32
[04-Apr-2018 22:07:00 UTC] PHP Fatal error:  Uncaught exception 'PDOException' with message 'SQLSTATE[42000]: Syntax error or access violation: 1064 You have an error in your SQL syntax; check the manual that corresponds to your MySQL server version for the right syntax to use near 'ASC' at line 1' in /home/ubuntu/workspace/lmontanari/Labs/Lab7/updateProduct.php:32
Stack trace:
#0 /home/ubuntu/workspace/lmontanari/Labs/Lab7/updateProduct.php(32): PDOStatement->execute()
#1 /home/ubuntu/workspace/lmontanari/Labs/Lab7/updateProduct.php(61): getCategories()
#2 {main}
  thrown in /home/ubuntu/workspace/lmontanari/Labs/Lab7/updateProduct.php on line 32
[04-Apr-2018 22:09:40 UTC] PHP Fatal error:  Uncaught exception 'PDOException' with message 'SQLSTATE[42000]: Syntax error or access violation: 1064 You have an error in your SQL syntax; check the manual that corresponds to your MySQL server version for the right syntax to use near 'ASC' at line 1' in /home/ubuntu/workspace/lmontanari/Labs/Lab7/addProduct.php:16
Stack trace:
#0 /home/ubuntu/workspace/lmontanari/Labs/Lab7/addProduct.php(16): PDOStatement->execute()
#1 /home/ubuntu/workspace/lmontanari/Labs/Lab7/addProduct.php(62): getCategories()
#2 {main}
  thrown in /home/ubuntu/workspace/lmontanari/Labs/Lab7/addProduct.php on line 16
[04-Apr-2018 22:11:25 UTC] PHP Fatal error:  Uncaught exception 'PDOException' with message 'SQLSTATE[42000]: Syntax error or access violation: 1064 You have an error in your SQL syntax; check the manual that corresponds to your MySQL server version for the right syntax to use near 'ASC' at line 1' in /home/ubuntu/workspace/lmontanari/Labs/Lab7/addProduct.php:16
Stack trace:
#0 /home/ubuntu/workspace/lmontanari/Labs/Lab7/addProduct.php(16): PDOStatement->execute()
#1 /home/ubuntu/workspace/lmontanari/Labs/Lab7/addProduct.php(62): getCategories()
#2 {main}
  thrown in /home/ubuntu/workspace/lmontanari/Labs/Lab7/addProduct.php on line 16
[04-Apr-2018 22:11:27 UTC] PHP Fatal error:  Uncaught exception 'PDOException' with message 'SQLSTATE[42000]: Syntax error or access violation: 1064 You have an error in your SQL syntax; check the manual that corresponds to your MySQL server version for the right syntax to use near 'ASC' at line 1' in /home/ubuntu/workspace/lmontanari/Labs/Lab7/addProduct.php:16
Stack trace:
#0 /home/ubuntu/workspace/lmontanari/Labs/Lab7/addProduct.php(16): PDOStatement->execute()
#1 /home/ubuntu/workspace/lmontanari/Labs/Lab7/addProduct.php(62): getCategories()
#2 {main}
  thrown in /home/ubuntu/workspace/lmontanari/Labs/Lab7/addProduct.php on line 16
[04-Apr-2018 22:11:41 UTC] PHP Fatal error:  Uncaught exception 'PDOException' with message 'SQLSTATE[42000]: Syntax error or access violation: 1064 You have an error in your SQL syntax; check the manual that corresponds to your MySQL server version for the right syntax to use near 'ASC' at line 1' in /home/ubuntu/workspace/lmontanari/Labs/Lab7/updateProduct.php:32
Stack trace:
#0 /home/ubuntu/workspace/lmontanari/Labs/Lab7/updateProduct.php(32): PDOStatement->execute()
#1 /home/ubuntu/workspace/lmontanari/Labs/Lab7/updateProduct.php(61): getCategories()
#2 {main}
  thrown in /home/ubuntu/workspace/lmontanari/Labs/Lab7/updateProduct.php on line 32
[04-Apr-2018 22:12:18 UTC] PHP Fatal error:  Uncaught exception 'PDOException' with message 'SQLSTATE[42000]: Syntax error or access violation: 1064 You have an error in your SQL syntax; check the manual that corresponds to your MySQL server version for the right syntax to use near 'ASC' at line 1' in /home/ubuntu/workspace/lmontanari/Labs/Lab7/updateProduct.php:32
Stack trace:
#0 /home/ubuntu/workspace/lmontanari/Labs/Lab7/updateProduct.php(32): PDOStatement->execute()
#1 /home/ubuntu/workspace/lmontanari/Labs/Lab7/updateProduct.php(61): getCategories()
#2 {main}
  thrown in /home/ubuntu/workspace/lmontanari/Labs/Lab7/updateProduct.php on line 32
[04-Apr-2018 22:12:19 UTC] PHP Fatal error:  Uncaught exception 'PDOException' with message 'SQLSTATE[42000]: Syntax error or access violation: 1064 You have an error in your SQL syntax; check the manual that corresponds to your MySQL server version for the right syntax to use near 'ASC' at line 1' in /home/ubuntu/workspace/lmontanari/Labs/Lab7/updateProduct.php:32
Stack trace:
#0 /home/ubuntu/workspace/lmontanari/Labs/Lab7/updateProduct.php(32): PDOStatement->execute()
#1 /home/ubuntu/workspace/lmontanari/Labs/Lab7/updateProduct.php(61): getCategories()
#2 {main}
  thrown in /home/ubuntu/workspace/lmontanari/Labs/Lab7/updateProduct.php on line 32
[04-Apr-2018 22:12:34 UTC] PHP Fatal error:  Uncaught exception 'PDOException' with message 'SQLSTATE[42000]: Syntax error or access violation: 1064 You have an error in your SQL syntax; check the manual that corresponds to your MySQL server version for the right syntax to use near 'ASC' at line 1' in /home/ubuntu/workspace/lmontanari/Labs/Lab7/updateProduct.php:32
Stack trace:
#0 /home/ubuntu/workspace/lmontanari/Labs/Lab7/updateProduct.php(32): PDOStatement->execute()
#1 /home/ubuntu/workspace/lmontanari/Labs/Lab7/updateProduct.php(61): getCategories()
#2 {main}
  thrown in /home/ubuntu/workspace/lmontanari/Labs/Lab7/updateProduct.php on line 32
